
> fast-lease@0.1.0 test:run
> vitest --run


[1m[46m RUN [49m[22m [36mv4.0.8 [39m[90m/Users/maksymholovakhin/fast-lease[39m

 [32m‚úì[39m tests/lib/supabase/admin-auth.test.ts [2m([22m[2m7 tests[22m[2m)[22m[32m 69[2mms[22m[39m
[90mstdout[2m | lib/workflow/__tests__/service.test.ts[2m > [22m[2mWorkflowService[2m > [22m[2mupdates deal status and logs audit when transition succeeds
[22m[39m[WorkflowService] Attempt 1/4 for deal deal-1 transition from DOCS_COLLECT to RISK_REVIEW

[90mstdout[2m | lib/workflow/__tests__/service.test.ts[2m > [22m[2mWorkflowService[2m > [22m[2mupdates deal status and logs audit when transition succeeds
[22m[39m[StateMachine] Initialized with template stages: [
  [32m'NEW'[39m,
  [32m'OFFER_PREP'[39m,
  [32m'VEHICLE_CHECK'[39m,
  [32m'DOCS_COLLECT'[39m,
  [32m'RISK_REVIEW'[39m,
  [32m'FINANCE_REVIEW'[39m,
  [32m'INVESTOR_PENDING'[39m,
  [32m'CONTRACT_PREP'[39m,
  [32m'SIGNING_FUNDING'[39m,
  [32m'VEHICLE_DELIVERY'[39m,
  [32m'ACTIVE'[39m,
  [32m'CANCELLED'[39m
]
[ValidateTransition] Starting validation for transition from 'DOCS_COLLECT' to 'RISK_REVIEW' with actorRole 'OP_MANAGER'
[ValidateTransition] Evaluating 1 guards with context: { docs: { required: { allUploaded: [33mtrue[39m } } }
[GuardEvaluator] Evaluating condition: key='docs.required.allUploaded', rule='== true', actual= [33mtrue[39m
[GuardEvaluator] == comparison: actual=true, expected=true, result=true

[90mstdout[2m | lib/workflow/__tests__/service.test.ts[2m > [22m[2mWorkflowService[2m > [22m[2mupdates deal status and logs audit when transition succeeds
[22m[39m[ValidateTransition] Guard result for 'docs.required.allUploaded': true
[ValidateTransition] All guards passed, transition allowed

[90mstdout[2m | lib/workflow/__tests__/service.test.ts[2m > [22m[2mWorkflowService[2m > [22m[2mupdates deal status and logs audit when transition succeeds
[22m[39m[WorkflowService] Successfully completed transition for deal deal-1 on attempt 1

[90mstdout[2m | lib/workflow/__tests__/service.test.ts[2m > [22m[2mWorkflowService[2m > [22m[2mthrows when guard conditions fail
[22m[39m[WorkflowService] Attempt 1/4 for deal deal-guard transition from DOCS_COLLECT to RISK_REVIEW

[90mstdout[2m | lib/workflow/__tests__/service.test.ts[2m > [22m[2mWorkflowService[2m > [22m[2mthrows when guard conditions fail
[22m[39m[StateMachine] Initialized with template stages: [
  [32m'NEW'[39m,
  [32m'OFFER_PREP'[39m,
  [32m'VEHICLE_CHECK'[39m,
  [32m'DOCS_COLLECT'[39m,
  [32m'RISK_REVIEW'[39m,
  [32m'FINANCE_REVIEW'[39m,
  [32m'INVESTOR_PENDING'[39m,
  [32m'CONTRACT_PREP'[39m,
  [32m'SIGNING_FUNDING'[39m,
  [32m'VEHICLE_DELIVERY'[39m,
  [32m'ACTIVE'[39m,
  [32m'CANCELLED'[39m
]
[ValidateTransition] Starting validation for transition from 'DOCS_COLLECT' to 'RISK_REVIEW' with actorRole 'OP_MANAGER'
[ValidateTransition] Evaluating 1 guards with context: {}
[GuardEvaluator] Evaluating condition: key='docs.required.allUploaded', rule='== true', actual= [90mundefined[39m
[GuardEvaluator] == comparison: actual=undefined, expected=true, result=false

[90mstdout[2m | lib/workflow/__tests__/service.test.ts[2m > [22m[2mWorkflowService[2m > [22m[2mthrows when guard conditions fail
[22m[39m[ValidateTransition] Guard result for 'docs.required.allUploaded': false
[ValidateTransition] 1 guards failed: [ [32m'docs.required.allUploaded'[39m ]

 [32m‚úì[39m lib/workflow/__tests__/parser.test.ts [2m([22m[2m3 tests[22m[2m)[22m[33m 376[2mms[22m[39m
[90mstdout[2m | lib/workflow/__tests__/service.test.ts[2m > [22m[2mWorkflowService[2m > [22m[2mthrows when guard conditions fail
[22m[39m[WorkflowService] GUARD_FAILED error detected, will retry
[WorkflowService] Retrying transition for deal deal-guard in 1000ms (attempt 2/4)

[90mstdout[2m | lib/workflow/__tests__/service.test.ts[2m > [22m[2mWorkflowService[2m > [22m[2mthrows when guard conditions fail
[22m[39m[WorkflowService] Attempt 2/4 for deal deal-guard transition from DOCS_COLLECT to RISK_REVIEW

[90mstdout[2m | lib/workflow/__tests__/service.test.ts[2m > [22m[2mWorkflowService[2m > [22m[2mthrows when guard conditions fail
[22m[39m[StateMachine] Initialized with template stages: [
  [32m'NEW'[39m,
  [32m'OFFER_PREP'[39m,
  [32m'VEHICLE_CHECK'[39m,
  [32m'DOCS_COLLECT'[39m,
  [32m'RISK_REVIEW'[39m,
  [32m'FINANCE_REVIEW'[39m,
  [32m'INVESTOR_PENDING'[39m,
  [32m'CONTRACT_PREP'[39m,
  [32m'SIGNING_FUNDING'[39m,
  [32m'VEHICLE_DELIVERY'[39m,
  [32m'ACTIVE'[39m,
  [32m'CANCELLED'[39m
]
[ValidateTransition] Starting validation for transition from 'DOCS_COLLECT' to 'RISK_REVIEW' with actorRole 'OP_MANAGER'
[ValidateTransition] Evaluating 1 guards with context: {}
[GuardEvaluator] Evaluating condition: key='docs.required.allUploaded', rule='== true', actual= [90mundefined[39m
[GuardEvaluator] == comparison: actual=undefined, expected=true, result=false

[90mstdout[2m | lib/workflow/__tests__/service.test.ts[2m > [22m[2mWorkflowService[2m > [22m[2mthrows when guard conditions fail
[22m[39m[ValidateTransition] Guard result for 'docs.required.allUploaded': false
[ValidateTransition] 1 guards failed: [ [32m'docs.required.allUploaded'[39m ]

[90mstdout[2m | lib/workflow/__tests__/service.test.ts[2m > [22m[2mWorkflowService[2m > [22m[2mthrows when guard conditions fail
[22m[39m[WorkflowService] GUARD_FAILED error detected, will retry
[WorkflowService] Retrying transition for deal deal-guard in 2000ms (attempt 3/4)

[90mstdout[2m | lib/workflow/__tests__/service.test.ts[2m > [22m[2mWorkflowService[2m > [22m[2mthrows when guard conditions fail
[22m[39m[WorkflowService] Attempt 3/4 for deal deal-guard transition from DOCS_COLLECT to RISK_REVIEW

[90mstdout[2m | lib/workflow/__tests__/service.test.ts[2m > [22m[2mWorkflowService[2m > [22m[2mthrows when guard conditions fail
[22m[39m[StateMachine] Initialized with template stages: [
  [32m'NEW'[39m,
  [32m'OFFER_PREP'[39m,
  [32m'VEHICLE_CHECK'[39m,
  [32m'DOCS_COLLECT'[39m,
  [32m'RISK_REVIEW'[39m,
  [32m'FINANCE_REVIEW'[39m,
  [32m'INVESTOR_PENDING'[39m,
  [32m'CONTRACT_PREP'[39m,
  [32m'SIGNING_FUNDING'[39m,
  [32m'VEHICLE_DELIVERY'[39m,
  [32m'ACTIVE'[39m,
  [32m'CANCELLED'[39m
]
[ValidateTransition] Starting validation for transition from 'DOCS_COLLECT' to 'RISK_REVIEW' with actorRole 'OP_MANAGER'
[ValidateTransition] Evaluating 1 guards with context: {}
[GuardEvaluator] Evaluating condition: key='docs.required.allUploaded', rule='== true', actual= [90mundefined[39m
[GuardEvaluator] == comparison: actual=undefined, expected=true, result=false

[90mstdout[2m | lib/workflow/__tests__/service.test.ts[2m > [22m[2mWorkflowService[2m > [22m[2mthrows when guard conditions fail
[22m[39m[ValidateTransition] Guard result for 'docs.required.allUploaded': false
[ValidateTransition] 1 guards failed: [ [32m'docs.required.allUploaded'[39m ]

[90mstdout[2m | lib/workflow/__tests__/service.test.ts[2m > [22m[2mWorkflowService[2m > [22m[2mthrows when guard conditions fail
[22m[39m[WorkflowService] GUARD_FAILED error detected, will retry
[WorkflowService] Retrying transition for deal deal-guard in 4000ms (attempt 4/4)

[90mstdout[2m | lib/workflow/__tests__/service.test.ts[2m > [22m[2mWorkflowService[2m > [22m[2mthrows when guard conditions fail
[22m[39m[WorkflowService] Attempt 4/4 for deal deal-guard transition from DOCS_COLLECT to RISK_REVIEW

[90mstdout[2m | lib/workflow/__tests__/service.test.ts[2m > [22m[2mWorkflowService[2m > [22m[2mthrows when guard conditions fail
[22m[39m[StateMachine] Initialized with template stages: [
  [32m'NEW'[39m,
  [32m'OFFER_PREP'[39m,
  [32m'VEHICLE_CHECK'[39m,
  [32m'DOCS_COLLECT'[39m,
  [32m'RISK_REVIEW'[39m,
  [32m'FINANCE_REVIEW'[39m,
  [32m'INVESTOR_PENDING'[39m,
  [32m'CONTRACT_PREP'[39m,
  [32m'SIGNING_FUNDING'[39m,
  [32m'VEHICLE_DELIVERY'[39m,
  [32m'ACTIVE'[39m,
  [32m'CANCELLED'[39m
]
[ValidateTransition] Starting validation for transition from 'DOCS_COLLECT' to 'RISK_REVIEW' with actorRole 'OP_MANAGER'
[ValidateTransition] Evaluating 1 guards with context: {}
[GuardEvaluator] Evaluating condition: key='docs.required.allUploaded', rule='== true', actual= [90mundefined[39m
[GuardEvaluator] == comparison: actual=undefined, expected=true, result=false

[90mstdout[2m | lib/workflow/__tests__/service.test.ts[2m > [22m[2mWorkflowService[2m > [22m[2mthrows when guard conditions fail
[22m[39m[ValidateTransition] Guard result for 'docs.required.allUploaded': false
[ValidateTransition] 1 guards failed: [ [32m'docs.required.allUploaded'[39m ]

[90mstdout[2m | lib/workflow/__tests__/service.test.ts[2m > [22m[2mWorkflowService[2m > [22m[2mthrows when guard conditions fail
[22m[39m[WorkflowService] GUARD_FAILED error detected, will retry

 [32m‚úì[39m lib/workflow/__tests__/service.test.ts [2m([22m[2m2 tests[22m[2m)[22m[33m 403[2mms[22m[39m
 [32m‚úì[39m lib/workflow/__tests__/versioning.test.ts [2m([22m[2m3 tests[22m[2m)[22m[33m 430[2mms[22m[39m
[90mstdout[2m | lib/workflow/__tests__/queues.test.ts[2m > [22m[2mWorkflowQueueProcessor[2m > [22m[2m–ø–æ–º–µ—á–∞–µ—Ç —É–≤–µ–¥–æ–º–ª–µ–Ω–∏–µ –∫–∞–∫ SENT
[22m[39m[workflow] notification stub { template: [32m'template'[39m, to: [ [32m'OP_MANAGER'[39m ], message: [32m'template'[39m }

[90mstdout[2m | lib/workflow/__tests__/queues.test.ts[2m > [22m[2mWorkflowQueueProcessor[2m > [22m[2m—Å—Ç–∞–≤–∏—Ç –≤–µ–±—Ö—É–∫ –≤ SENT –ø—Ä–∏ —É—Å–ø–µ—Ö–µ
[22m[39m[workflow] dispatching webhook { endpoint: [32m'https://example.com'[39m, payload: [1mnull[22m }

[90mstdout[2m | lib/workflow/__tests__/queues.test.ts[2m > [22m[2mWorkflowQueueProcessor[2m > [22m[2m—Å—Ç–∞–≤–∏—Ç –≤–µ–±—Ö—É–∫ –≤ SENT –ø—Ä–∏ —É—Å–ø–µ—Ö–µ
[22m[39m[workflow] webhook sent successfully { endpoint: [32m'https://example.com'[39m, status: [33m200[39m }

[90mstdout[2m | lib/workflow/__tests__/queues.test.ts[2m > [22m[2mWorkflowQueueProcessor[2m > [22m[2m—Å—Ç–∞–≤–∏—Ç –≤–µ–±—Ö—É–∫ –≤ SENT –ø—Ä–∏ —É—Å–ø–µ—Ö–µ
[22m[39m[workflow] checking transition after webhook { dealId: [32m'deal-1'[39m, from: [32m'SIGNING_FUNDING'[39m, to: [32m'VEHICLE_DELIVERY'[39m }
[SERVER-CLIENT] Service client URL env key: missing

[90mstdout[2m | lib/workflow/__tests__/queues.test.ts[2m > [22m[2mWorkflowQueueProcessor[2m > [22m[2m–æ–±—Ä–∞–±–∞—Ç—ã–≤–∞–µ—Ç —Ä–∞—Å–ø–∏—Å–∞–Ω–∏—è
[22m[39m[workflow] schedule stub { job: [32m'INVOICE_SCHEDULE'[39m, cron: [32m'0 8 1 * *'[39m, payload: [1mnull[22m }

 [32m‚úì[39m lib/workflow/__tests__/queues.test.ts [2m([22m[2m6 tests[22m[2m)[22m[32m 31[2mms[22m[39m
[90mstdout[2m | lib/workflow/http/__tests__/ensure-active-workflow-version.test.ts[2m > [22m[2mensureActiveWorkflowVersion[2m > [22m[2mcreates and reuses the default workflow version
[22m[39m[workflow] no active workflow version found, bootstrapping default { workflowId: [32m'fast-lease-v1'[39m }

[90mstdout[2m | app/api/__tests__/webhooks.test.ts[2m > [22m[2mwebhook handlers[2m > [22m[2m–ø—Ä–∏–º–µ–Ω—è–µ—Ç –ø–µ—Ä–µ—Ö–æ–¥ –¥–ª—è e-sign webhook
[22m[39m[DEBUG] supabaseMock.client type: object {
  from: [Function: Mock] {
    _isMockFunction: [33mtrue[39m,
    getMockImplementation: [36m[Function (anonymous)][39m,
    mock: {
      calls: [],
      contexts: [],
      instances: [],
      invocationCallOrder: [],
      settledResults: [],
      results: [],
      lastCall: [36m[Getter][39m
    },
    mockImplementation: [36m[Function: mockImplementation][39m,
    mockImplementationOnce: [36m[Function: mockImplementationOnce][39m,
    withImplementation: [36m[Function: withImplementation][39m,
    mockReturnThis: [36m[Function: mockReturnThis][39m,
    mockReturnValue: [36m[Function: mockReturnValue][39m,
    mockReturnValueOnce: [36m[Function: mockReturnValueOnce][39m,
    mockResolvedValue: [36m[Function: mockResolvedValue][39m,
    mockResolvedValueOnce: [36m[Function: mockResolvedValueOnce][39m,
    mockRejectedValue: [36m[Function: mockRejectedValue][39m,
    mockRejectedValueOnce: [36m[Function: mockRejectedValueOnce][39m,
    mockClear: [36m[Function: mockClear][39m,
    mockReset: [36m[Function: mockReset][39m,
    mockRestore: [36m[Function: mockRestore][39m,
    mockName: [36m[Function: mockName][39m,
    getMockName: [36m[Function: getMockName][39m,
    [[32mSymbol(nodejs.dispose)[39m]: [36m[Function (anonymous)][39m
  }
}

 [32m‚úì[39m app/api/__tests__/webhooks.test.ts [2m([22m[2m3 tests[22m[2m)[22m[32m 17[2mms[22m[39m
[90mstdout[2m | lib/workflow/http/__tests__/ensure-active-workflow-version.test.ts[2m > [22m[2mensureActiveWorkflowVersion[2m > [22m[2mactivates an existing matching version when the active one is stale
[22m[39m[workflow] detected outdated workflow version, provisioning update { workflowId: [32m'fast-lease-v1'[39m, activeVersionId: [32m'version-1'[39m }

 [32m‚úì[39m lib/workflow/http/__tests__/ensure-active-workflow-version.test.ts [2m([22m[2m2 tests[22m[2m)[22m[32m 215[2mms[22m[39m
[90mstdout[2m | lib/workflow/__tests__/state-machine.test.ts[2m > [22m[2mWorkflowStateMachine[2m > [22m[2mlists transitions available for a role
[22m[39m[StateMachine] Initialized with template stages: [
  [32m'NEW'[39m,
  [32m'OFFER_PREP'[39m,
  [32m'VEHICLE_CHECK'[39m,
  [32m'DOCS_COLLECT'[39m,
  [32m'RISK_REVIEW'[39m,
  [32m'FINANCE_REVIEW'[39m,
  [32m'INVESTOR_PENDING'[39m,
  [32m'CONTRACT_PREP'[39m,
  [32m'SIGNING_FUNDING'[39m,
  [32m'VEHICLE_DELIVERY'[39m,
  [32m'ACTIVE'[39m,
  [32m'CANCELLED'[39m
]

[90mstdout[2m | lib/workflow/__tests__/state-machine.test.ts[2m > [22m[2mWorkflowStateMachine[2m > [22m[2mrejects transition when guard conditions fail
[22m[39m[StateMachine] Initialized with template stages: [
  [32m'NEW'[39m,
  [32m'OFFER_PREP'[39m,
  [32m'VEHICLE_CHECK'[39m,
  [32m'DOCS_COLLECT'[39m,
  [32m'RISK_REVIEW'[39m,
  [32m'FINANCE_REVIEW'[39m,
  [32m'INVESTOR_PENDING'[39m,
  [32m'CONTRACT_PREP'[39m,
  [32m'SIGNING_FUNDING'[39m,
  [32m'VEHICLE_DELIVERY'[39m,
  [32m'ACTIVE'[39m,
  [32m'CANCELLED'[39m
]

[90mstdout[2m | lib/workflow/__tests__/state-machine.test.ts[2m > [22m[2mWorkflowStateMachine[2m > [22m[2mrejects transition when guard conditions fail
[22m[39m[ValidateTransition] Starting validation for transition from 'DOCS_COLLECT' to 'RISK_REVIEW' with actorRole 'OP_MANAGER'
[ValidateTransition] Evaluating 1 guards with context: {}
[GuardEvaluator] Evaluating condition: key='docs.required.allUploaded', rule='== true', actual= [90mundefined[39m
[GuardEvaluator] == comparison: actual=undefined, expected=true, result=false

[90mstdout[2m | lib/workflow/__tests__/state-machine.test.ts[2m > [22m[2mWorkflowStateMachine[2m > [22m[2mrejects transition when guard conditions fail
[22m[39m[ValidateTransition] Guard result for 'docs.required.allUploaded': false
[ValidateTransition] 1 guards failed: [ [32m'docs.required.allUploaded'[39m ]

[90mstdout[2m | lib/workflow/__tests__/state-machine.test.ts[2m > [22m[2mWorkflowStateMachine[2m > [22m[2mexecutes entry actions when guards pass
[22m[39m[StateMachine] Initialized with template stages: [
  [32m'NEW'[39m,
  [32m'OFFER_PREP'[39m,
  [32m'VEHICLE_CHECK'[39m,
  [32m'DOCS_COLLECT'[39m,
  [32m'RISK_REVIEW'[39m,
  [32m'FINANCE_REVIEW'[39m,
  [32m'INVESTOR_PENDING'[39m,
  [32m'CONTRACT_PREP'[39m,
  [32m'SIGNING_FUNDING'[39m,
  [32m'VEHICLE_DELIVERY'[39m,
  [32m'ACTIVE'[39m,
  [32m'CANCELLED'[39m
]

[90mstdout[2m | lib/workflow/__tests__/state-machine.test.ts[2m > [22m[2mWorkflowStateMachine[2m > [22m[2mexecutes entry actions when guards pass
[22m[39m[ValidateTransition] Starting validation for transition from 'DOCS_COLLECT' to 'RISK_REVIEW' with actorRole 'OP_MANAGER'
[ValidateTransition] Evaluating 1 guards with context: { docs: { required: { allUploaded: [33mtrue[39m } } }
[GuardEvaluator] Evaluating condition: key='docs.required.allUploaded', rule='== true', actual= [33mtrue[39m
[GuardEvaluator] == comparison: actual=true, expected=true, result=true

[90mstdout[2m | lib/workflow/__tests__/state-machine.test.ts[2m > [22m[2mWorkflowStateMachine[2m > [22m[2mexecutes entry actions when guards pass
[22m[39m[ValidateTransition] Guard result for 'docs.required.allUploaded': true
[ValidateTransition] All guards passed, transition allowed

[90mstdout[2m | lib/workflow/__tests__/state-machine.test.ts[2m > [22m[2mWorkflowStateMachine[2m > [22m[2mthrows when transition is not defined
[22m[39m[StateMachine] Initialized with template stages: [
  [32m'NEW'[39m,
  [32m'OFFER_PREP'[39m,
  [32m'VEHICLE_CHECK'[39m,
  [32m'DOCS_COLLECT'[39m,
  [32m'RISK_REVIEW'[39m,
  [32m'FINANCE_REVIEW'[39m,
  [32m'INVESTOR_PENDING'[39m,
  [32m'CONTRACT_PREP'[39m,
  [32m'SIGNING_FUNDING'[39m,
  [32m'VEHICLE_DELIVERY'[39m,
  [32m'ACTIVE'[39m,
  [32m'CANCELLED'[39m
]

[90mstdout[2m | lib/workflow/__tests__/state-machine.test.ts[2m > [22m[2mWorkflowStateMachine[2m > [22m[2mthrows when transition is not defined
[22m[39m[ValidateTransition] Starting validation for transition from 'NEW' to 'ACTIVE' with actorRole 'OP_MANAGER'
[ValidateTransition] Transition not found

 [32m‚úì[39m lib/workflow/__tests__/state-machine.test.ts [2m([22m[2m4 tests[22m[2m)[22m[32m 19[2mms[22m[39m
 [32m‚úì[39m app/api/__tests__/workflow-e2e.test.ts [2m([22m[2m1 test[22m[2m)[22m[32m 27[2mms[22m[39m
[90mstdout[2m | lib/workflow/__tests__/actions.test.ts[2m > [22m[2mworkflow action executor[2m > [22m[2m—Å–æ–∑–¥–∞–µ—Ç –∑–∞–¥–∞—á—É –ø—Ä–∏ TASK_CREATE
[22m[39m[workflow] handleTaskCreate invoked {
  dealId: [32m'deal-1'[39m,
  taskType: [32m'PREPARE_QUOTE'[39m,
  assigneeRole: [32m'OP_MANAGER'[39m
}

[90mstdout[2m | lib/workflow/__tests__/actions.test.ts[2m > [22m[2mworkflow action executor[2m > [22m[2m—Å–æ–∑–¥–∞–µ—Ç –∑–∞–¥–∞—á—É –ø—Ä–∏ TASK_CREATE
[22m[39m[workflow] deal snapshot loaded

[90mstdout[2m | lib/workflow/__tests__/actions.test.ts[2m > [22m[2mworkflow action executor[2m > [22m[2m—Å–æ–∑–¥–∞–µ—Ç –∑–∞–¥–∞—á—É –ø—Ä–∏ TASK_CREATE
[22m[39m[workflow] task upsert success {
  id: [32m'task-1'[39m,
  assigneeRole: [32m'OP_MANAGER'[39m,
  assigneeUserId: [32m'user-ops'[39m
}

 [32m‚úì[39m lib/workflow/__tests__/actions.test.ts [2m([22m[2m2 tests[22m[2m)[22m[32m 14[2mms[22m[39m
 [32m‚úì[39m lib/workflow/__tests__/task-utils.test.ts [2m([22m[2m3 tests[22m[2m)[22m[32m 3[2mms[22m[39m
 [32m‚úì[39m lib/workflow/__tests__/documents-checklist.test.ts [2m([22m[2m4 tests[22m[2m)[22m[32m 7[2mms[22m[39m
 [32m‚úì[39m app/api/__tests__/deals-transition.test.ts [2m([22m[2m1 test[22m[2m)[22m[32m 9[2mms[22m[39m
 [32m‚úì[39m app/api/__tests__/queues-run.test.ts [2m([22m[2m1 test[22m[2m)[22m[32m 8[2mms[22m[39m

[2m Test Files [22m [1m[32m14 passed[39m[22m[90m (14)[39m
[2m      Tests [22m [1m[32m42 passed[39m[22m[90m (42)[39m
[2m   Start at [22m 17:25:20
[2m   Duration [22m 2.01s[2m (transform 2.13s, setup 777ms, collect 6.10s, tests 1.63s, environment 2ms, prepare 331ms)[22m

